VirtualBox XPCOM Server 5.2.18 r124319 linux.amd64 (Aug 14 2018 12:02:04) release log
00:00:00.002372 main     Log opened 2018-11-01T11:00:46.666625000Z
00:00:00.002375 main     Build Type: release
00:00:00.002387 main     OS Product: Linux
00:00:00.002387 main     OS Release: 4.15.0-36-generic
00:00:00.002388 main     OS Version: #39-Ubuntu SMP Mon Sep 24 16:19:09 UTC 2018
00:00:00.002409 main     DMI Product Name: System Product Name
00:00:00.002416 main     DMI Product Version: System Version
00:00:00.002460 main     Host RAM: 32119MB (31.3GB) total, 25186MB (24.5GB) available
00:00:00.002462 main     Executable: /usr/lib/virtualbox/VBoxSVC
00:00:00.002463 main     Process ID: 16926
00:00:00.002463 main     Package type: LINUX_64BITS__UBUNTU_18_04
00:00:00.003717 main     IPC socket path: /tmp/.vbox-sam-ipc/ipcd
00:00:00.109608 nspr-2   VirtualBox: object creation starts
00:00:00.111209 nspr-2   Home directory: '/home/sam/.config/VirtualBox'
00:00:00.111825 nspr-2   Loading settings file "/home/sam/.config/VirtualBox/VirtualBox.xml" with version "1.12-linux"
00:00:00.146016 nspr-2   NAT: resolv.conf: nameserver 127.0.0.53
00:00:00.146074 nspr-2   HostDnsMonitor: old information
00:00:00.146081 nspr-2     no server entries
00:00:00.146087 nspr-2     no domain set
00:00:00.146092 nspr-2     no search string entries
00:00:00.146096 nspr-2   HostDnsMonitor: new information
00:00:00.146101 nspr-2     server 1: 127.0.0.53
00:00:00.146106 nspr-2     domain: archangels.local
00:00:00.146111 nspr-2     search string 1: archangels.local
00:00:00.146119 nspr-2   HostDnsMonitorProxy::notify
00:00:00.151099 nspr-2   VD: VDInit finished with VINF_SUCCESS
00:00:00.159406 nspr-2   Loading settings file "/home/sam/VirtualBox VMs/win10v3/win10v3.vbox" with version "1.15-linux"
00:00:00.161043 nspr-2   VirtualBox: object created
00:00:00.552879 nspr-5   WARNING [COM]: aRC=NS_ERROR_FAILURE (0x80004005) aIID={afca788c-4477-787d-60b2-3fa70e56fbbc} aComponent={HostWrap} aText={VirtualBox is not currently allowed to access USB devices.  You can change this by adding your user to the 'vboxusers' group.  Please see the user manual for a more detailed explanation}, preserve=true  aResultDetail=0
00:00:00.553753 nspr-4   WARNING [COM]: aRC=NS_ERROR_FAILURE (0x80004005) aIID={afca788c-4477-787d-60b2-3fa70e56fbbc} aComponent={HostWrap} aText={VirtualBox is not currently allowed to access USB devices.  You can change this by adding your user to the 'vboxusers' group.  Please see the user manual for a more detailed explanation}, preserve=true  aResultDetail=0
00:00:00.554066 nspr-4   ERROR [COM]: aRC=VBOX_E_OBJECT_NOT_FOUND (0x80bb0001) aIID={edba9d10-45d8-b440-1712-46ac0c9bc4c5} aComponent={ExtPackManagerWrap} aText={No extension pack by the name 'Oracle VM VirtualBox Extension Pack' was found}, preserve=false aResultDetail=0
00:00:00.597828 nspr-5   ERROR [COM]: aRC=VBOX_E_IPRT_ERROR (0x80bb0005) aIID={85cd948e-a71f-4289-281e-0ca7ad48cd89} aComponent={SessionMachine} aText={Saved screenshot data is not available (VERR_NOT_SUPPORTED)}, preserve=false aResultDetail=0
00:00:00.668636 nspr-4   WARNING [COM]: aRC=NS_ERROR_FAILURE (0x80004005) aIID={afca788c-4477-787d-60b2-3fa70e56fbbc} aComponent={HostWrap} aText={VirtualBox is not currently allowed to access USB devices.  You can change this by adding your user to the 'vboxusers' group.  Please see the user manual for a more detailed explanation}, preserve=true  aResultDetail=0
00:01:08.012507 nspr-2   Saving settings file "/home/sam/VirtualBox VMs/win10v3/win10v3.vbox" with version "1.15-linux"
00:09:38.156477 nspr-5   Saving settings file "/home/sam/VirtualBox VMs/win10v3/win10v3.vbox" with version "1.15-linux"
00:09:38.174867 nspr-5   Saving settings file "/home/sam/VirtualBox VMs/win10v3/win10v3.vbox" with version "1.15-linux"
00:09:43.689851 main     VirtualBox: object deletion starts
00:09:43.689913 main     ERROR [COM]: aRC=VBOX_E_OBJECT_IN_USE (0x80bb000c) aIID={4afe423b-43e0-e9d0-82e8-ceb307940dda} aComponent={MediumWrap} aText={Medium '/home/sam/VirtualBox VMs/win10v3/win10v3.vdi' cannot be closed because it is still attached to 1 virtual machines}, preserve=false aResultDetail=0
00:09:44.160456 Watcher  ERROR [COM]: aRC=E_ACCESSDENIED (0x80070005) aIID={9570b9d5-f1a1-448a-10c5-e12f5285adad} aComponent={VirtualBoxWrap} aText={The object is not ready}, preserve=false aResultDetail=0
00:09:48.690525 main     {00007f3e7c016600} HostPowerServiceLinux::~HostPowerServiceLinux: RTThreadWait() for 5000 ms failed with VERR_TIMEOUT
00:09:48.690889 main     VirtualBox: object deleted
